<?xml version="1.0" encoding="UTF-8"?>
<testng-results ignored="0" total="3" passed="3" failed="0" skipped="0">
  <reporter-output>
  </reporter-output>
  <suite started-at="2024-08-11T17:57:06 IST" name="cross browser Testing" finished-at="2024-08-11T17:59:09 IST" duration-ms="123173">
    <groups>
    </groups>
    <test started-at="2024-08-11T17:57:06 IST" name="chromeTest" finished-at="2024-08-11T17:57:47 IST" duration-ms="40944">
      <class name="aug09.DealsDray">
        <test-method is-config="true" signature="setup(java.lang.String)[pri:0, instance:aug09.DealsDray@4681c175]" started-at="2024-08-11T17:57:06 IST" name="setup" finished-at="2024-08-11T17:57:21 IST" duration-ms="15104" status="PASS">
          <params>
            <param index="0">
              <value>
                <![CDATA[chrome]]>
              </value>
            </param>
          </params>
          <reporter-output>
          </reporter-output>
        </test-method> <!-- setup -->
        <test-method signature="startTest()[pri:0, instance:aug09.DealsDray@4681c175]" started-at="2024-08-11T17:57:21 IST" name="startTest" finished-at="2024-08-11T17:57:45 IST" duration-ms="24585" status="PASS">
          <reporter-output>
          </reporter-output>
        </test-method> <!-- startTest -->
        <test-method is-config="true" signature="tearDown()[pri:0, instance:aug09.DealsDray@4681c175]" started-at="2024-08-11T17:57:45 IST" name="tearDown" finished-at="2024-08-11T17:57:47 IST" duration-ms="1193" status="PASS">
          <reporter-output>
          </reporter-output>
        </test-method> <!-- tearDown -->
      </class> <!-- aug09.DealsDray -->
    </test> <!-- chromeTest -->
    <test started-at="2024-08-11T17:57:47 IST" name="Firefoxtest" finished-at="2024-08-11T17:58:31 IST" duration-ms="44494">
      <class name="aug09.DealsDray">
        <test-method is-config="true" signature="setup(java.lang.String)[pri:0, instance:aug09.DealsDray@4c163e3]" started-at="2024-08-11T17:57:47 IST" name="setup" finished-at="2024-08-11T17:58:04 IST" duration-ms="17158" status="PASS">
          <params>
            <param index="0">
              <value>
                <![CDATA[firefox]]>
              </value>
            </param>
          </params>
          <reporter-output>
          </reporter-output>
        </test-method> <!-- setup -->
        <test-method signature="startTest()[pri:0, instance:aug09.DealsDray@4c163e3]" started-at="2024-08-11T17:58:04 IST" name="startTest" finished-at="2024-08-11T17:58:28 IST" duration-ms="24399" status="PASS">
          <reporter-output>
          </reporter-output>
        </test-method> <!-- startTest -->
        <test-method is-config="true" signature="tearDown()[pri:0, instance:aug09.DealsDray@4c163e3]" started-at="2024-08-11T17:58:28 IST" name="tearDown" finished-at="2024-08-11T17:58:31 IST" duration-ms="2929" status="PASS">
          <reporter-output>
          </reporter-output>
        </test-method> <!-- tearDown -->
      </class> <!-- aug09.DealsDray -->
    </test> <!-- Firefoxtest -->
    <test started-at="2024-08-11T17:58:31 IST" name="EdgeTest" finished-at="2024-08-11T17:59:09 IST" duration-ms="37624">
      <class name="aug09.DealsDray">
        <test-method is-config="true" signature="setup(java.lang.String)[pri:0, instance:aug09.DealsDray@4d0d9fe7]" started-at="2024-08-11T17:58:31 IST" name="setup" finished-at="2024-08-11T17:58:44 IST" duration-ms="12686" status="PASS">
          <params>
            <param index="0">
              <value>
                <![CDATA[edge]]>
              </value>
            </param>
          </params>
          <reporter-output>
          </reporter-output>
        </test-method> <!-- setup -->
        <test-method signature="startTest()[pri:0, instance:aug09.DealsDray@4d0d9fe7]" started-at="2024-08-11T17:58:44 IST" name="startTest" finished-at="2024-08-11T17:59:07 IST" duration-ms="23659" status="PASS">
          <reporter-output>
          </reporter-output>
        </test-method> <!-- startTest -->
        <test-method is-config="true" signature="tearDown()[pri:0, instance:aug09.DealsDray@4d0d9fe7]" started-at="2024-08-11T17:59:07 IST" name="tearDown" finished-at="2024-08-11T17:59:09 IST" duration-ms="1272" status="PASS">
          <reporter-output>
          </reporter-output>
        </test-method> <!-- tearDown -->
      </class> <!-- aug09.DealsDray -->
    </test> <!-- EdgeTest -->
  </suite> <!-- cross browser Testing -->
</testng-results>
